<?xml version="1.0" encoding="UTF-8"?>
<testsuite name="SeleniumScript" tests="1" skipped="0" failures="0" errors="0" timestamp="2022-05-14T15:17:07" hostname="NTS251844MC" time="2.108">
  <properties/>
  <testcase name="dragDrop" classname="SeleniumScript" time="2.108"/>
  <system-out><![CDATA[]]></system-out>
  <system-err><![CDATA[]]></system-err>
</testsuite>
